app/build/outputs/logs/manifest-merger-debug-report.txt
-- Merging decision tree log ---
manifest
ADDED from src\main\AndroidManifest.xml:2:1-102:12
	xmlns:android
		ADDED from src\main\AndroidManifest.xml:2:11-69
	package
		ADDED from src\main\AndroidManifest.xml:3:5-28
		INJECTED from src\main\AndroidManifest.xml
		INJECTED from src\main\AndroidManifest.xml
	android:versionName
		ADDED from src\main\AndroidManifest.xml:5:5-30
		INJECTED from src\main\AndroidManifest.xml
		INJECTED from src\main\AndroidManifest.xml
	android:versionCode
		ADDED from src\main\AndroidManifest.xml:4:5-28
		INJECTED from src\main\AndroidManifest.xml
		INJECTED from src\main\AndroidManifest.xml
uses-sdk
ADDED from src\main\AndroidManifest.xml:7:5-9:41
MERGED from [com.android.support:multidex:1.0.1] AndroidManifest.xml:18:5-42
MERGED from [com.android.support:multidex:1.0.1] AndroidManifest.xml:18:5-42
MERGED from [com.android.support:appcompat-v7:23.1.1] AndroidManifest.xml:20:5-43
MERGED from [com.android.support:support-v4:23.1.1] AndroidManifest.xml:20:5-43
MERGED from [com.android.support:design:23.1.1] AndroidManifest.xml:20:5-43
MERGED from [com.android.support:appcompat-v7:23.1.1] AndroidManifest.xml:20:5-43
MERGED from [com.android.support:support-v4:23.1.1] AndroidManifest.xml:20:5-43
MERGED from [com.android.support:recyclerview-v7:23.1.1] AndroidManifest.xml:20:5-43
MERGED from [com.android.support:support-v4:23.1.1] AndroidManifest.xml:20:5-43
MERGED from [com.android.support:support-v4:23.1.1] AndroidManifest.xml:20:5-43
	android:targetSdkVersion
		ADDED from src\main\AndroidManifest.xml:9:9-38
		INJECTED from src\main\AndroidManifest.xml
		INJECTED from src\main\AndroidManifest.xml
	android:minSdkVersion
		ADDED from src\main\AndroidManifest.xml:8:9-34
		INJECTED from src\main\AndroidManifest.xml
		INJECTED from src\main\AndroidManifest.xml
uses-permission#android.permission.INTERNET
ADDED from src\main\AndroidManifest.xml:11:5-67
	android:name
		ADDED from src\main\AndroidManifest.xml:11:22-64
uses-permission#android.permission.ACCESS_NETWORK_STATE
ADDED from src\main\AndroidManifest.xml:12:5-79
	android:name
		ADDED from src\main\AndroidManifest.xml:12:22-76
uses-permission#android.permission.WAKE_LOCK
ADDED from src\main\AndroidManifest.xml:13:5-68
	android:name
		ADDED from src\main\AndroidManifest.xml:13:22-65
uses-permission#android.permission.VIBRATE
ADDED from src\main\AndroidManifest.xml:14:5-66
	android:name
		ADDED from src\main\AndroidManifest.xml:14:22-63
uses-permission#android.permission.RECEIVE_BOOT_COMPLETED
ADDED from src\main\AndroidManifest.xml:15:5-81
	android:name
		ADDED from src\main\AndroidManifest.xml:15:22-78
uses-permission#android.permission.GET_ACCOUNTS
ADDED from src\main\AndroidManifest.xml:16:5-71
	android:name
		ADDED from src\main\AndroidManifest.xml:16:22-68
uses-permission#com.google.android.c2dm.permission.RECEIVE
ADDED from src\main\AndroidManifest.xml:17:5-82
	android:name
		ADDED from src\main\AndroidManifest.xml:17:22-79
uses-permission#android.permission.WRITE_EXTERNAL_STORAGE
ADDED from src\main\AndroidManifest.xml:18:5-81
	android:name
		ADDED from src\main\AndroidManifest.xml:18:22-78
uses-permission#android.permission.SEND_SMS
ADDED from src\main\AndroidManifest.xml:19:5-67
	android:name
		ADDED from src\main\AndroidManifest.xml:19:22-64
permission#com.skew.swad.permission.C2D_MESSAGE
ADDED from src\main\AndroidManifest.xml:21:5-23:47
	android:protectionLevel
		ADDED from src\main\AndroidManifest.xml:23:9-44
	android:name
		ADDED from src\main\AndroidManifest.xml:22:9-60
uses-permission#com.skew.swad.permission.C2D_MESSAGE
ADDED from src\main\AndroidManifest.xml:25:5-76
	android:name
		ADDED from src\main\AndroidManifest.xml:25:22-73
meta-data#com.parse.push.gcm_sender_id
ADDED from src\main\AndroidManifest.xml:27:5-29:44
	android:name
		ADDED from src\main\AndroidManifest.xml:28:9-52
	android:value
		ADDED from src\main\AndroidManifest.xml:29:9-41
android:uses-permission#android.permission.READ_PHONE_STATE
ADDED from src\main\AndroidManifest.xml:31:5-83
	android:name
		ADDED from src\main\AndroidManifest.xml:31:30-80
android:uses-permission#android.permission.READ_EXTERNAL_STORAGE
ADDED from src\main\AndroidManifest.xml:32:5-88
	android:name
		ADDED from src\main\AndroidManifest.xml:32:30-85
application
ADDED from src\main\AndroidManifest.xml:34:5-100:19
MERGED from [com.android.support:appcompat-v7:23.1.1] AndroidManifest.xml:22:5-20
MERGED from [com.android.support:support-v4:23.1.1] AndroidManifest.xml:22:5-20
MERGED from [com.android.support:design:23.1.1] AndroidManifest.xml:22:5-20
MERGED from [com.android.support:appcompat-v7:23.1.1] AndroidManifest.xml:22:5-20
MERGED from [com.android.support:support-v4:23.1.1] AndroidManifest.xml:22:5-20
MERGED from [com.android.support:support-v4:23.1.1] AndroidManifest.xml:22:5-20
MERGED from [com.android.support:support-v4:23.1.1] AndroidManifest.xml:22:5-20
	android:label
		ADDED from src\main\AndroidManifest.xml:38:9-41
	android:allowBackup
		ADDED from src\main\AndroidManifest.xml:36:9-35
	android:icon
		ADDED from src\main\AndroidManifest.xml:37:9-45
	android:theme
		ADDED from src\main\AndroidManifest.xml:39:9-40
	android:name
		ADDED from src\main\AndroidManifest.xml:35:9-41
activity#com.skew.swad.MainActivity
ADDED from src\main\AndroidManifest.xml:40:9-42:57
	android:label
		ADDED from src\main\AndroidManifest.xml:42:13-45
	android:name
		ADDED from src\main\AndroidManifest.xml:41:13-41
activity#com.skew.swad.FoodMenuActivity
ADDED from src\main\AndroidManifest.xml:43:9-45:73
	android:label
		ADDED from src\main\AndroidManifest.xml:45:13-61
	android:name
		ADDED from src\main\AndroidManifest.xml:44:13-45
activity#com.skew.swad.DishesActivity
ADDED from src\main\AndroidManifest.xml:46:9-48:70
	android:label
		ADDED from src\main\AndroidManifest.xml:48:13-58
	android:name
		ADDED from src\main\AndroidManifest.xml:47:13-43
activity#com.skew.swad.OrderActivity
ADDED from src\main\AndroidManifest.xml:49:9-51:69
	android:label
		ADDED from src\main\AndroidManifest.xml:51:13-57
	android:name
		ADDED from src\main\AndroidManifest.xml:50:13-42
activity#com.skew.swad.RegisterActivity
ADDED from src\main\AndroidManifest.xml:52:9-54:72
	android:label
		ADDED from src\main\AndroidManifest.xml:54:13-60
	android:name
		ADDED from src\main\AndroidManifest.xml:53:13-45
activity#com.skew.swad.TodaySpecialActivity
ADDED from src\main\AndroidManifest.xml:55:9-57:77
	android:label
		ADDED from src\main\AndroidManifest.xml:57:13-65
	android:name
		ADDED from src\main\AndroidManifest.xml:56:13-49
activity#com.skew.swad.YourOrdersActivity
ADDED from src\main\AndroidManifest.xml:58:9-60:75
	android:label
		ADDED from src\main\AndroidManifest.xml:60:13-63
	android:name
		ADDED from src\main\AndroidManifest.xml:59:13-47
activity#com.skew.swad.FeedbackActivity
ADDED from src\main\AndroidManifest.xml:61:9-63:72
	android:label
		ADDED from src\main\AndroidManifest.xml:63:13-60
	android:name
		ADDED from src\main\AndroidManifest.xml:62:13-45
activity#com.skew.swad.BookatableActivity
ADDED from src\main\AndroidManifest.xml:64:9-66:74
	android:label
		ADDED from src\main\AndroidManifest.xml:66:13-62
	android:name
		ADDED from src\main\AndroidManifest.xml:65:13-47
activity#com.skew.swad.ContactActivity
ADDED from src\main\AndroidManifest.xml:67:9-69:71
	android:label
		ADDED from src\main\AndroidManifest.xml:69:13-59
	android:name
		ADDED from src\main\AndroidManifest.xml:68:13-44
activity#com.skew.swad.ZeroActivity
ADDED from src\main\AndroidManifest.xml:70:9-78:20
	android:label
		ADDED from src\main\AndroidManifest.xml:72:13-56
	android:name
		ADDED from src\main\AndroidManifest.xml:71:13-41
intent-filter#android.intent.action.MAIN+android.intent.category.LAUNCHER
ADDED from src\main\AndroidManifest.xml:73:13-77:29
action#android.intent.action.MAIN
ADDED from src\main\AndroidManifest.xml:74:17-69
	android:name
		ADDED from src\main\AndroidManifest.xml:74:25-66
category#android.intent.category.LAUNCHER
ADDED from src\main\AndroidManifest.xml:76:17-77
	android:name
		ADDED from src\main\AndroidManifest.xml:76:27-74
activity#com.skew.swad.OrderTypeActivity
ADDED from src\main\AndroidManifest.xml:79:9-81:74
	android:label
		ADDED from src\main\AndroidManifest.xml:81:13-62
	android:name
		ADDED from src\main\AndroidManifest.xml:80:13-46
activity#com.skew.swad.HDActivity
ADDED from src\main\AndroidManifest.xml:82:9-84:66
	android:label
		ADDED from src\main\AndroidManifest.xml:84:13-54
	android:name
		ADDED from src\main\AndroidManifest.xml:83:13-39
activity#com.skew.swad.SubmitOrderActivity
ADDED from src\main\AndroidManifest.xml:85:9-87:76
	android:label
		ADDED from src\main\AndroidManifest.xml:87:13-64
	android:name
		ADDED from src\main\AndroidManifest.xml:86:13-48
activity#com.skew.swad.DiscountsActivity
ADDED from src\main\AndroidManifest.xml:88:9-90:76
	android:label
		ADDED from src\main\AndroidManifest.xml:90:13-64
	android:name
		ADDED from src\main\AndroidManifest.xml:89:13-46
activity#com.skew.swad.PartyMenu
ADDED from src\main\AndroidManifest.xml:91:9-99:20
	android:label
		ADDED from src\main\AndroidManifest.xml:93:13-62
	android:theme
		ADDED from src\main\AndroidManifest.xml:95:13-56
	android:parentActivityName
		ADDED from src\main\AndroidManifest.xml:94:13-59
	android:name
		ADDED from src\main\AndroidManifest.xml:92:13-38
meta-data#android.support.PARENT_ACTIVITY
ADDED from src\main\AndroidManifest.xml:96:13-98:66
	android:name
		ADDED from src\main\AndroidManifest.xml:97:17-63
	android:value
		ADDED from src\main\AndroidManifest.xml:98:17-63